#
# A fatal error has been detected by the Java Runtime Environment:
#
#  Internal Error (javaClasses.cpp:136), pid=2088, tid=4436
#  fatal error: Invalid layout of preloaded class
#
# JRE version:  (7.0_51-b13) (build )
# Java VM: Java HotSpot(TM) 64-Bit Server VM (24.51-b03 mixed mode windows-amd64 compressed oops)
# Failed to write core dump. Minidumps are not enabled by default on client versions of Windows
#
# If you would like to submit a bug report, please visit:
#   http://bugreport.sun.com/bugreport/crash.jsp
#

---------------  T H R E A D  ---------------

Current thread (0x0000000002afe800):  JavaThread "Unknown thread" [_thread_in_vm, id=4436, stack(0x0000000002960000,0x0000000002a60000)]

Stack: [0x0000000002960000,0x0000000002a60000]

---------------  P R O C E S S  ---------------

Java Threads: ( => current thread )

Other Threads:

=>0x0000000002afe800 (exited) JavaThread "Unknown thread" [_thread_in_vm, id=4436, stack(0x0000000002960000,0x0000000002a60000)]

VM state:not at safepoint (not fully initialized)

VM Mutex/Monitor currently owned by a thread: None

GC Heap History (0 events):
No events

Deoptimization events (0 events):
No events

Internal exceptions (0 events):
No events

Events (10 events):
Event: 0.018 loading class 0x0000000002b90350 done
Event: 0.018 loading class 0x0000000002b8fd70 done
Event: 0.019 loading class 0x0000000002b8fd50
Event: 0.019 loading class 0x0000000002b97e50
Event: 0.044 loading class 0x0000000002b97e50 done
Event: 0.044 loading class 0x0000000002b97e80
Event: 0.045 loading class 0x0000000002b97e80 done
Event: 0.045 loading class 0x0000000002b97eb0
Event: 0.046 loading class 0x0000000002b97eb0 done
Event: 0.046 loading class 0x0000000002b8fd50 done


Dynamic libraries:
0x000007f685170000 - 0x000007f6851a3000 	C:\Program Files\Java\jre7\bin\javaw.exe
0x000007fd445b0000 - 0x000007fd4476e000 	C:\Windows\SYSTEM32\ntdll.dll
0x000007fd41b50000 - 0x000007fd41c86000 	C:\Windows\system32\KERNEL32.DLL
0x000007fd41790000 - 0x000007fd41883000 	C:\Windows\system32\KERNELBASE.dll
0x000007fd444d0000 - 0x000007fd445ae000 	C:\Windows\system32\ADVAPI32.dll
0x000007fd43170000 - 0x000007fd432bc000 	C:\Windows\system32\USER32.dll
0x000007fd3ebb0000 - 0x000007fd3ee19000 	C:\Windows\WinSxS\amd64_microsoft.windows.common-controls_6595b64144ccf1df_6.0.9200.16384_none_418c2a697189c07f\COMCTL32.dll
0x000007fd43a80000 - 0x000007fd43b25000 	C:\Windows\system32\msvcrt.dll
0x000007fd43960000 - 0x000007fd439a8000 	C:\Windows\SYSTEM32\sechost.dll
0x000007fd44330000 - 0x000007fd44470000 	C:\Windows\system32\RPCRT4.dll
0x000007fd435b0000 - 0x000007fd436f0000 	C:\Windows\system32\GDI32.dll
0x000007fd43920000 - 0x000007fd43959000 	C:\Windows\system32\IMM32.DLL
0x000007fd41a30000 - 0x000007fd41b44000 	C:\Windows\system32\MSCTF.dll
0x0000000056b50000 - 0x0000000056c22000 	C:\Program Files\Java\jre7\bin\msvcr100.dll
0x0000000056380000 - 0x0000000056b49000 	C:\Program Files\Java\jre7\bin\server\jvm.dll
0x000007fd3f220000 - 0x000007fd3f229000 	C:\Windows\SYSTEM32\WSOCK32.dll
0x000007fd3bae0000 - 0x000007fd3bb00000 	C:\Windows\SYSTEM32\WINMM.dll
0x000007fd43c00000 - 0x000007fd43c07000 	C:\Windows\system32\PSAPI.DLL
0x000007fd434e0000 - 0x000007fd43538000 	C:\Windows\system32\WS2_32.dll
0x000007fd3a2e0000 - 0x000007fd3a312000 	C:\Windows\SYSTEM32\WINMMBASE.dll
0x000007fd41a20000 - 0x000007fd41a29000 	C:\Windows\system32\NSI.dll
0x0000000056370000 - 0x000000005637f000 	C:\Program Files\Java\jre7\bin\verify.dll
0x0000000056340000 - 0x0000000056368000 	C:\Program Files\Java\jre7\bin\java.dll
0x0000000056320000 - 0x0000000056335000 	C:\Program Files\Java\jre7\bin\zip.dll

VM Arguments:
jvm_args: -Dfile.encoding=Cp1252 -Xbootclasspath:F:\adt-bundle-windows-x86_64-20130522\adt-bundle-windows-x86_64-20130522\sdk\platforms\android-17\android.jar 
java_command: com.example.moneymanager.DemoCurrency
Launcher Type: SUN_STANDARD

Environment Variables:
CLASSPATH=.;F:\Soft\javasoft\mysqlstudents\mysqlstudents\mysql-connector-java-5.0.8-bin
PATH=C:\Windows\system32;C:\Windows;C:\Windows\System32\Wbem;C:\Windows\System32\WindowsPowerShell\v1.0\;C:\Program Files (x86)\Java\jdk1.7.0_17\bin
USERNAME=UnKNowN
OS=Windows_NT
PROCESSOR_IDENTIFIER=Intel64 Family 6 Model 23 Stepping 10, GenuineIntel



---------------  S Y S T E M  ---------------

OS: Windows 8 , 64 bit Build 9200 

CPU:total 2 (2 cores per cpu, 1 threads per core) family 6 model 23 stepping 10, cmov, cx8, fxsr, mmx, sse, sse2, sse3, ssse3, sse4.1, tsc

Memory: 4k page, physical 2060656k(558964k free), swap 3612744k(850956k free)

vm_info: Java HotSpot(TM) 64-Bit Server VM (24.51-b03) for windows-amd64 JRE (1.7.0_51-b13), built on Dec 18 2013 18:40:56 by "java_re" with unknown MS VC++:1600

time: Thu Jul 03 03:25:12 2014
elapsed time: 0 seconds

